# JRE version: OpenJDK Runtime Environment (8.0_131-b11) (build 1.8.0_131-8u131-b11-0ubuntu1.16.04.2-b11)
# Java VM: OpenJDK 64-Bit Server VM (25.131-b11 mixed mode linux-amd64 compressed oops)
Heap:
 def new generation   total 13184K, used 7922K [0x00000000f6c00000, 0x00000000f7a40000, 0x00000000f9d50000)
  eden space 11776K,  67% used [0x00000000f6c00000, 0x00000000f73bcbd0, 0x00000000f7780000)
  from space 1408K,   0% used [0x00000000f7780000, 0x00000000f7780000, 0x00000000f78e0000)
  to   space 1408K,   0% used [0x00000000f78e0000, 0x00000000f78e0000, 0x00000000f7a40000)
 tenured generation   total 29116K, used 17468K [0x00000000f9d50000, 0x00000000fb9bf000, 0x0000000100000000)
   the space 29116K,  59% used [0x00000000f9d50000, 0x00000000fae5f3b8, 0x00000000fae5f400, 0x00000000fb9bf000)
 Metaspace       used 26037K, capacity 26276K, committed 26496K, reserved 1073152K
  class space    used 2999K, capacity 3092K, committed 3200K, reserved 1048576K
GC Heap History (10 events):
Event: 5.601 GC heap before
{Heap before GC invocations=27 (full 2):
 def new generation   total 4800K, used 4799K [0x00000000f6c00000, 0x00000000f7130000, 0x00000000f9d50000)
  eden space 4288K,  99% used [0x00000000f6c00000, 0x00000000f702ff00, 0x00000000f7030000)
  from space 512K,  99% used [0x00000000f7030000, 0x00000000f70afff8, 0x00000000f70b0000)
  to   space 512K,   0% used [0x00000000f70b0000, 0x00000000f70b0000, 0x00000000f7130000)
 tenured generation   total 10508K, used 9484K [0x00000000f9d50000, 0x00000000fa793000, 0x0000000100000000)
   the space 10508K,  90% used [0x00000000f9d50000, 0x00000000fa693228, 0x00000000fa693400, 0x00000000fa793000)
 Metaspace       used 21405K, capacity 21628K, committed 21888K, reserved 1069056K
  class space    used 2530K, capacity 2609K, committed 2688K, reserved 1048576K
Event: 5.642 GC heap after
Heap after GC invocations=28 (full 3):
 def new generation   total 7040K, used 0K [0x00000000f6c00000, 0x00000000f73a0000, 0x00000000f9d50000)
  eden space 6272K,   0% used [0x00000000f6c00000, 0x00000000f6c00000, 0x00000000f7220000)
  from space 768K,   0% used [0x00000000f7220000, 0x00000000f7220000, 0x00000000f72e0000)
  to   space 768K,   0% used [0x00000000f72e0000, 0x00000000f72e0000, 0x00000000f73a0000)
 tenured generation   total 15564K, used 9336K [0x00000000f9d50000, 0x00000000fac83000, 0x0000000100000000)
   the space 15564K,  59% used [0x00000000f9d50000, 0x00000000fa66e3c0, 0x00000000fa66e400, 0x00000000fac83000)
 Metaspace       used 21405K, capacity 21628K, committed 21888K, reserved 1069056K
  class space    used 2530K, capacity 2609K, committed 2688K, reserved 1048576K
}
Event: 5.920 GC heap before
{Heap before GC invocations=28 (full 3):
 def new generation   total 7040K, used 6220K [0x00000000f6c00000, 0x00000000f73a0000, 0x00000000f9d50000)
  eden space 6272K,  99% used [0x00000000f6c00000, 0x00000000f7213070, 0x00000000f7220000)
  from space 768K,   0% used [0x00000000f7220000, 0x00000000f7220000, 0x00000000f72e0000)
  to   space 768K,   0% used [0x00000000f72e0000, 0x00000000f72e0000, 0x00000000f73a0000)
 tenured generation   total 15564K, used 9336K [0x00000000f9d50000, 0x00000000fac83000, 0x0000000100000000)
   the space 15564K,  59% used [0x00000000f9d50000, 0x00000000fa66e3c0, 0x00000000fa66e400, 0x00000000fac83000)
 Metaspace       used 22183K, capacity 22436K, committed 22784K, reserved 1069056K
  class space    used 2619K, capacity 2708K, committed 2816K, reserved 1048576K
Event: 5.930 GC heap after
Heap after GC invocations=29 (full 3):
 def new generation   total 7040K, used 768K [0x00000000f6c00000, 0x00000000f73a0000, 0x00000000f9d50000)
  eden space 6272K,   0% used [0x00000000f6c00000, 0x00000000f6c00000, 0x00000000f7220000)
  from space 768K, 100% used [0x00000000f72e0000, 0x00000000f73a0000, 0x00000000f73a0000)
  to   space 768K,   0% used [0x00000000f7220000, 0x00000000f7220000, 0x00000000f72e0000)
 tenured generation   total 15564K, used 11569K [0x00000000f9d50000, 0x00000000fac83000, 0x0000000100000000)
   the space 15564K,  74% used [0x00000000f9d50000, 0x00000000fa89c668, 0x00000000fa89c800, 0x00000000fac83000)
 Metaspace       used 22183K, capacity 22436K, committed 22784K, reserved 1069056K
  class space    used 2619K, capacity 2708K, committed 2816K, reserved 1048576K
}
Event: 6.614 GC heap before
{Heap before GC invocations=29 (full 3):
 def new generation   total 7040K, used 7040K [0x00000000f6c00000, 0x00000000f73a0000, 0x00000000f9d50000)
  eden space 6272K, 100% used [0x00000000f6c00000, 0x00000000f7220000, 0x00000000f7220000)
  from space 768K, 100% used [0x00000000f72e0000, 0x00000000f73a0000, 0x00000000f73a0000)
  to   space 768K,   0% used [0x00000000f7220000, 0x00000000f7220000, 0x00000000f72e0000)
 tenured generation   total 15564K, used 11569K [0x00000000f9d50000, 0x00000000fac83000, 0x0000000100000000)
   the space 15564K,  74% used [0x00000000f9d50000, 0x00000000fa89c668, 0x00000000fa89c800, 0x00000000fac83000)
 Metaspace       used 24420K, capacity 24676K, committed 25088K, reserved 1071104K
  class space    used 2875K, capacity 2964K, committed 3072K, reserved 1048576K
Event: 6.620 GC heap after
Heap after GC invocations=30 (full 3):
 def new generation   total 7040K, used 768K [0x00000000f6c00000, 0x00000000f73a0000, 0x00000000f9d50000)
  eden space 6272K,   0% used [0x00000000f6c00000, 0x00000000f6c00000, 0x00000000f7220000)
  from space 768K, 100% used [0x00000000f7220000, 0x00000000f72e0000, 0x00000000f72e0000)
  to   space 768K,   0% used [0x00000000f72e0000, 0x00000000f72e0000, 0x00000000f73a0000)
 tenured generation   total 15564K, used 12764K [0x00000000f9d50000, 0x00000000fac83000, 0x0000000100000000)
   the space 15564K,  82% used [0x00000000f9d50000, 0x00000000fa9c7108, 0x00000000fa9c7200, 0x00000000fac83000)
 Metaspace       used 24420K, capacity 24676K, committed 25088K, reserved 1071104K
  class space    used 2875K, capacity 2964K, committed 3072K, reserved 1048576K
}
Event: 13.401 GC heap before
{Heap before GC invocations=30 (full 3):
 def new generation   total 7040K, used 7040K [0x00000000f6c00000, 0x00000000f73a0000, 0x00000000f9d50000)
  eden space 6272K, 100% used [0x00000000f6c00000, 0x00000000f7220000, 0x00000000f7220000)
  from space 768K, 100% used [0x00000000f7220000, 0x00000000f72e0000, 0x00000000f72e0000)
  to   space 768K,   0% used [0x00000000f72e0000, 0x00000000f72e0000, 0x00000000f73a0000)
 tenured generation   total 15564K, used 12764K [0x00000000f9d50000, 0x00000000fac83000, 0x0000000100000000)
   the space 15564K,  82% used [0x00000000f9d50000, 0x00000000fa9c7108, 0x00000000fa9c7200, 0x00000000fac83000)
 Metaspace       used 25183K, capacity 25444K, committed 25728K, reserved 1071104K
  class space    used 2971K, capacity 3092K, committed 3200K, reserved 1048576K
Event: 13.405 GC heap after
Heap after GC invocations=31 (full 3):
 def new generation   total 7040K, used 767K [0x00000000f6c00000, 0x00000000f73a0000, 0x00000000f9d50000)
  eden space 6272K,   0% used [0x00000000f6c00000, 0x00000000f6c00000, 0x00000000f7220000)
  from space 768K,  99% used [0x00000000f72e0000, 0x00000000f739fff8, 0x00000000f73a0000)
  to   space 768K,   0% used [0x00000000f7220000, 0x00000000f7220000, 0x00000000f72e0000)
 tenured generation   total 15564K, used 14136K [0x00000000f9d50000, 0x00000000fac83000, 0x0000000100000000)
   the space 15564K,  90% used [0x00000000f9d50000, 0x00000000fab1e008, 0x00000000fab1e200, 0x00000000fac83000)
 Metaspace       used 25183K, capacity 25444K, committed 25728K, reserved 1071104K
  class space    used 2971K, capacity 3092K, committed 3200K, reserved 1048576K
}
Event: 24.926 GC heap before
{Heap before GC invocations=31 (full 3):
 def new generation   total 7040K, used 7039K [0x00000000f6c00000, 0x00000000f73a0000, 0x00000000f9d50000)
  eden space 6272K, 100% used [0x00000000f6c00000, 0x00000000f7220000, 0x00000000f7220000)
  from space 768K,  99% used [0x00000000f72e0000, 0x00000000f739fff8, 0x00000000f73a0000)
  to   space 768K,   0% used [0x00000000f7220000, 0x00000000f7220000, 0x00000000f72e0000)
 tenured generation   total 15564K, used 14136K [0x00000000f9d50000, 0x00000000fac83000, 0x0000000100000000)
   the space 15564K,  90% used [0x00000000f9d50000, 0x00000000fab1e008, 0x00000000fab1e200, 0x00000000fac83000)
 Metaspace       used 25506K, capacity 25764K, committed 25984K, reserved 1073152K
  class space    used 2988K, capacity 3092K, committed 3200K, reserved 1048576K
Event: 24.982 GC heap after
Heap after GC invocations=32 (full 4):
 def new generation   total 13184K, used 0K [0x00000000f6c00000, 0x00000000f7a40000, 0x00000000f9d50000)
  eden space 11776K,   0% used [0x00000000f6c00000, 0x00000000f6c00000, 0x00000000f7780000)
  from space 1408K,   0% used [0x00000000f7780000, 0x00000000f7780000, 0x00000000f78e0000)
  to   space 1408K,   0% used [0x00000000f78e0000, 0x00000000f78e0000, 0x00000000f7a40000)
 tenured generation   total 29116K, used 17468K [0x00000000f9d50000, 0x00000000fb9bf000, 0x0000000100000000)
   the space 29116K,  59% used [0x00000000f9d50000, 0x00000000fae5f3b8, 0x00000000fae5f400, 0x00000000fb9bf000)
 Metaspace       used 25506K, capacity 25764K, committed 25984K, reserved 1073152K
  class space    used 2988K, capacity 3092K, committed 3200K, reserved 1048576K
}

