# JRE version: OpenJDK Runtime Environment (8.0_131-b11) (build 1.8.0_131-8u131-b11-0ubuntu1.16.04.2-b11)
# Java VM: OpenJDK 64-Bit Server VM (25.131-b11 mixed mode linux-amd64 compressed oops)
Heap:
 def new generation   total 11520K, used 5294K [0x00000000f6c00000, 0x00000000f7880000, 0x00000000f9d50000)
  eden space 10240K,  39% used [0x00000000f6c00000, 0x00000000f6febb78, 0x00000000f7600000)
  from space 1280K,  99% used [0x00000000f7740000, 0x00000000f787fff8, 0x00000000f7880000)
  to   space 1280K,   0% used [0x00000000f7600000, 0x00000000f7600000, 0x00000000f7740000)
 tenured generation   total 25536K, used 18577K [0x00000000f9d50000, 0x00000000fb640000, 0x0000000100000000)
   the space 25536K,  72% used [0x00000000f9d50000, 0x00000000faf744a8, 0x00000000faf74600, 0x00000000fb640000)
 Metaspace       used 26139K, capacity 26404K, committed 26752K, reserved 1073152K
  class space    used 2998K, capacity 3092K, committed 3200K, reserved 1048576K
GC Heap History (10 events):
Event: 6.296 GC heap before
{Heap before GC invocations=27 (full 3):
 def new generation   total 6848K, used 6144K [0x00000000f6c00000, 0x00000000f7360000, 0x00000000f9d50000)
  eden space 6144K, 100% used [0x00000000f6c00000, 0x00000000f7200000, 0x00000000f7200000)
  from space 704K,   0% used [0x00000000f7200000, 0x00000000f7200000, 0x00000000f72b0000)
  to   space 704K,   0% used [0x00000000f72b0000, 0x00000000f72b0000, 0x00000000f7360000)
 tenured generation   total 15024K, used 9012K [0x00000000f9d50000, 0x00000000fabfc000, 0x0000000100000000)
   the space 15024K,  59% used [0x00000000f9d50000, 0x00000000fa61d2b8, 0x00000000fa61d400, 0x00000000fabfc000)
 Metaspace       used 21895K, capacity 22114K, committed 22400K, reserved 1069056K
  class space    used 2594K, capacity 2642K, committed 2688K, reserved 1048576K
Event: 6.303 GC heap after
Heap after GC invocations=28 (full 3):
 def new generation   total 6848K, used 703K [0x00000000f6c00000, 0x00000000f7360000, 0x00000000f9d50000)
  eden space 6144K,   0% used [0x00000000f6c00000, 0x00000000f6c00000, 0x00000000f7200000)
  from space 704K,  99% used [0x00000000f72b0000, 0x00000000f735fff8, 0x00000000f7360000)
  to   space 704K,   0% used [0x00000000f7200000, 0x00000000f7200000, 0x00000000f72b0000)
 tenured generation   total 15024K, used 10740K [0x00000000f9d50000, 0x00000000fabfc000, 0x0000000100000000)
   the space 15024K,  71% used [0x00000000f9d50000, 0x00000000fa7cd030, 0x00000000fa7cd200, 0x00000000fabfc000)
 Metaspace       used 21895K, capacity 22114K, committed 22400K, reserved 1069056K
  class space    used 2594K, capacity 2642K, committed 2688K, reserved 1048576K
}
Event: 6.625 GC heap before
{Heap before GC invocations=28 (full 3):
 def new generation   total 6848K, used 6818K [0x00000000f6c00000, 0x00000000f7360000, 0x00000000f9d50000)
  eden space 6144K,  99% used [0x00000000f6c00000, 0x00000000f71f8ab8, 0x00000000f7200000)
  from space 704K,  99% used [0x00000000f72b0000, 0x00000000f735fff8, 0x00000000f7360000)
  to   space 704K,   0% used [0x00000000f7200000, 0x00000000f7200000, 0x00000000f72b0000)
 tenured generation   total 15024K, used 10740K [0x00000000f9d50000, 0x00000000fabfc000, 0x0000000100000000)
   the space 15024K,  71% used [0x00000000f9d50000, 0x00000000fa7cd030, 0x00000000fa7cd200, 0x00000000fabfc000)
 Metaspace       used 22937K, capacity 23172K, committed 23296K, reserved 1069056K
  class space    used 2702K, capacity 2804K, committed 2816K, reserved 1048576K
Event: 6.630 GC heap after
Heap after GC invocations=29 (full 3):
 def new generation   total 6848K, used 704K [0x00000000f6c00000, 0x00000000f7360000, 0x00000000f9d50000)
  eden space 6144K,   0% used [0x00000000f6c00000, 0x00000000f6c00000, 0x00000000f7200000)
  from space 704K, 100% used [0x00000000f7200000, 0x00000000f72b0000, 0x00000000f72b0000)
  to   space 704K,   0% used [0x00000000f72b0000, 0x00000000f72b0000, 0x00000000f7360000)
 tenured generation   total 15024K, used 12506K [0x00000000f9d50000, 0x00000000fabfc000, 0x0000000100000000)
   the space 15024K,  83% used [0x00000000f9d50000, 0x00000000fa986850, 0x00000000fa986a00, 0x00000000fabfc000)
 Metaspace       used 22937K, capacity 23172K, committed 23296K, reserved 1069056K
  class space    used 2702K, capacity 2804K, committed 2816K, reserved 1048576K
}
Event: 7.080 GC heap before
{Heap before GC invocations=29 (full 3):
 def new generation   total 6848K, used 6848K [0x00000000f6c00000, 0x00000000f7360000, 0x00000000f9d50000)
  eden space 6144K, 100% used [0x00000000f6c00000, 0x00000000f7200000, 0x00000000f7200000)
  from space 704K, 100% used [0x00000000f7200000, 0x00000000f72b0000, 0x00000000f72b0000)
  to   space 704K,   0% used [0x00000000f72b0000, 0x00000000f72b0000, 0x00000000f7360000)
 tenured generation   total 15024K, used 12506K [0x00000000f9d50000, 0x00000000fabfc000, 0x0000000100000000)
   the space 15024K,  83% used [0x00000000f9d50000, 0x00000000fa986850, 0x00000000fa986a00, 0x00000000fabfc000)
 Metaspace       used 25107K, capacity 25316K, committed 25728K, reserved 1071104K
  class space    used 2969K, capacity 3092K, committed 3200K, reserved 1048576K
Event: 7.085 GC heap after
Heap after GC invocations=30 (full 3):
 def new generation   total 6848K, used 704K [0x00000000f6c00000, 0x00000000f7360000, 0x00000000f9d50000)
  eden space 6144K,   0% used [0x00000000f6c00000, 0x00000000f6c00000, 0x00000000f7200000)
  from space 704K, 100% used [0x00000000f72b0000, 0x00000000f7360000, 0x00000000f7360000)
  to   space 704K,   0% used [0x00000000f7200000, 0x00000000f7200000, 0x00000000f72b0000)
 tenured generation   total 15024K, used 13919K [0x00000000f9d50000, 0x00000000fabfc000, 0x0000000100000000)
   the space 15024K,  92% used [0x00000000f9d50000, 0x00000000faae7c88, 0x00000000faae7e00, 0x00000000fabfc000)
 Metaspace       used 25107K, capacity 25316K, committed 25728K, reserved 1071104K
  class space    used 2969K, capacity 3092K, committed 3200K, reserved 1048576K
}
Event: 19.253 GC heap before
{Heap before GC invocations=30 (full 3):
 def new generation   total 6848K, used 6846K [0x00000000f6c00000, 0x00000000f7360000, 0x00000000f9d50000)
  eden space 6144K,  99% used [0x00000000f6c00000, 0x00000000f71ff948, 0x00000000f7200000)
  from space 704K, 100% used [0x00000000f72b0000, 0x00000000f7360000, 0x00000000f7360000)
  to   space 704K,   0% used [0x00000000f7200000, 0x00000000f7200000, 0x00000000f72b0000)
 tenured generation   total 15024K, used 13919K [0x00000000f9d50000, 0x00000000fabfc000, 0x0000000100000000)
   the space 15024K,  92% used [0x00000000f9d50000, 0x00000000faae7c88, 0x00000000faae7e00, 0x00000000fabfc000)
 Metaspace       used 25252K, capacity 25508K, committed 25728K, reserved 1071104K
  class space    used 2971K, capacity 3092K, committed 3200K, reserved 1048576K
Event: 19.319 GC heap after
Heap after GC invocations=31 (full 4):
 def new generation   total 11520K, used 0K [0x00000000f6c00000, 0x00000000f7880000, 0x00000000f9d50000)
  eden space 10240K,   0% used [0x00000000f6c00000, 0x00000000f6c00000, 0x00000000f7600000)
  from space 1280K,   0% used [0x00000000f7600000, 0x00000000f7600000, 0x00000000f7740000)
  to   space 1280K,   0% used [0x00000000f7740000, 0x00000000f7740000, 0x00000000f7880000)
 tenured generation   total 25536K, used 15319K [0x00000000f9d50000, 0x00000000fb640000, 0x0000000100000000)
   the space 25536K,  59% used [0x00000000f9d50000, 0x00000000fac45d28, 0x00000000fac45e00, 0x00000000fb640000)
 Metaspace       used 25252K, capacity 25508K, committed 25728K, reserved 1071104K
  class space    used 2971K, capacity 3092K, committed 3200K, reserved 1048576K
}
Event: 325.134 GC heap before
{Heap before GC invocations=31 (full 4):
 def new generation   total 11520K, used 10240K [0x00000000f6c00000, 0x00000000f7880000, 0x00000000f9d50000)
  eden space 10240K, 100% used [0x00000000f6c00000, 0x00000000f7600000, 0x00000000f7600000)
  from space 1280K,   0% used [0x00000000f7600000, 0x00000000f7600000, 0x00000000f7740000)
  to   space 1280K,   0% used [0x00000000f7740000, 0x00000000f7740000, 0x00000000f7880000)
 tenured generation   total 25536K, used 15319K [0x00000000f9d50000, 0x00000000fb640000, 0x0000000100000000)
   the space 25536K,  59% used [0x00000000f9d50000, 0x00000000fac45d28, 0x00000000fac45e00, 0x00000000fb640000)
 Metaspace       used 26041K, capacity 26276K, committed 26496K, reserved 1073152K
  class space    used 2993K, capacity 3092K, committed 3200K, reserved 1048576K
Event: 325.142 GC heap after
Heap after GC invocations=32 (full 4):
 def new generation   total 11520K, used 1279K [0x00000000f6c00000, 0x00000000f7880000, 0x00000000f9d50000)
  eden space 10240K,   0% used [0x00000000f6c00000, 0x00000000f6c00000, 0x00000000f7600000)
  from space 1280K,  99% used [0x00000000f7740000, 0x00000000f787fff8, 0x00000000f7880000)
  to   space 1280K,   0% used [0x00000000f7600000, 0x00000000f7600000, 0x00000000f7740000)
 tenured generation   total 25536K, used 18577K [0x00000000f9d50000, 0x00000000fb640000, 0x0000000100000000)
   the space 25536K,  72% used [0x00000000f9d50000, 0x00000000faf744a8, 0x00000000faf74600, 0x00000000fb640000)
 Metaspace       used 26041K, capacity 26276K, committed 26496K, reserved 1073152K
  class space    used 2993K, capacity 3092K, committed 3200K, reserved 1048576K
}

